SF:lib/src/core/client.dart
DA:10,0
DA:12,0
DA:13,0
DA:31,1
DA:43,1
DA:78,1
DA:79,1
DA:80,0
DA:82,3
DA:83,1
DA:98,1
DA:109,1
DA:110,2
DA:111,3
DA:112,0
DA:113,0
DA:120,1
DA:121,2
DA:122,3
DA:123,0
DA:124,0
DA:134,0
DA:135,1
DA:136,1
DA:137,1
DA:138,1
DA:139,2
DA:140,1
DA:141,1
DA:142,2
DA:144,0
DA:145,0
DA:146,0
DA:147,0
DA:148,0
DA:149,0
DA:155,1
DA:157,2
DA:159,2
DA:162,1
DA:163,3
DA:164,2
DA:167,1
DA:168,3
DA:169,1
DA:170,1
DA:171,1
DA:175,1
DA:185,1
DA:191,3
DA:192,3
DA:194,2
DA:197,2
DA:198,1
DA:201,2
DA:203,5
DA:207,1
DA:210,2
DA:211,1
DA:212,3
DA:213,4
DA:214,1
DA:219,2
DA:220,4
DA:224,1
DA:228,2
DA:229,1
DA:230,3
DA:231,4
DA:232,1
DA:240,1
DA:241,2
DA:242,3
DA:243,2
DA:244,2
DA:261,1
DA:262,2
DA:265,1
DA:266,1
DA:267,1
DA:271,1
DA:273,1
DA:275,3
DA:276,2
DA:281,1
DA:283,2
DA:284,0
DA:287,1
DA:288,2
DA:289,1
LF:90
LH:74
end_of_record
SF:lib/src/dart_extensions.dart
DA:4,0
DA:5,0
DA:8,0
DA:9,0
DA:10,0
DA:13,0
DA:14,0
DA:17,0
DA:18,0
DA:19,0
DA:20,0
DA:26,0
DA:27,0
DA:28,0
DA:29,0
DA:30,0
DA:31,0
DA:33,0
DA:39,0
DA:40,0
DA:43,0
DA:44,0
DA:46,0
DA:50,8
DA:52,1
DA:53,1
DA:54,2
DA:55,1
DA:60,4
DA:64,1
DA:65,1
DA:68,1
DA:69,1
DA:70,2
DA:75,0
DA:76,0
DA:79,0
DA:82,0
DA:83,0
DA:84,0
DA:90,0
DA:91,0
DA:94,0
DA:95,0
DA:96,0
DA:97,0
DA:105,1
DA:106,2
DA:107,1
LF:49
LH:14
end_of_record
SF:lib/src/events/client_in.dart
DA:17,1
DA:20,3
DA:21,3
DA:23,3
DA:24,3
DA:26,3
DA:34,2
DA:52,0
DA:54,0
DA:55,0
DA:56,0
DA:57,0
DA:58,0
DA:59,0
DA:61,0
DA:62,0
DA:63,0
DA:65,1
DA:67,8
DA:73,2
DA:89,0
DA:91,0
DA:92,0
DA:93,0
DA:94,0
DA:95,0
DA:97,0
DA:98,0
DA:100,1
DA:102,6
DA:107,2
DA:123,0
DA:125,0
DA:126,0
DA:127,0
DA:128,0
DA:129,0
DA:131,0
DA:132,0
DA:134,0
DA:136,0
DA:142,2
DA:147,1
DA:149,2
DA:155,0
DA:168,0
DA:170,0
DA:171,0
DA:172,0
DA:173,0
DA:174,0
DA:176,0
DA:177,0
DA:179,0
DA:181,0
LF:55
LH:16
end_of_record
SF:lib/src/events/client_out.dart
DA:2,1
DA:12,0
DA:14,0
DA:15,0
DA:16,0
DA:17,0
DA:19,0
DA:20,0
DA:22,0
DA:23,0
LF:10
LH:1
end_of_record
SF:lib/src/extensions/event_serialiser/client.dart
DA:5,0
DA:7,0
DA:11,0
DA:13,0
DA:15,0
DA:16,0
DA:18,0
DA:24,0
DA:28,0
DA:30,0
DA:39,0
DA:41,0
DA:43,0
DA:44,0
DA:45,0
DA:46,0
DA:51,0
DA:52,0
DA:53,0
DA:54,0
DA:55,0
DA:56,0
LF:22
LH:0
end_of_record
SF:lib/src/extensions/init_data/client.dart
DA:13,0
DA:23,0
DA:25,0
DA:26,0
DA:31,0
DA:32,0
DA:33,0
DA:37,0
DA:38,0
DA:40,0
DA:45,0
DA:46,0
DA:49,0
DA:50,0
LF:14
LH:0
end_of_record
SF:lib/src/extensions/networking/client.dart
DA:5,0
DA:19,0
DA:20,0
DA:21,0
DA:23,0
DA:26,0
DA:27,0
DA:30,0
DA:31,0
DA:35,0
DA:36,0
DA:37,0
DA:42,0
LF:13
LH:0
end_of_record
SF:lib/src/extensions/tick_generator/tick_generator.dart
DA:8,1
DA:27,3
DA:28,1
DA:29,1
DA:34,1
DA:35,2
DA:41,2
DA:43,1
DA:44,1
DA:45,1
DA:50,1
DA:51,2
DA:53,1
DA:55,1
DA:58,2
DA:63,2
DA:66,1
DA:74,1
DA:75,1
DA:76,1
DA:77,2
DA:78,1
LF:22
LH:22
end_of_record
SF:lib/src/extensions/tick_generator/string_tick_generator.dart
DA:4,1
DA:10,1
DA:14,1
DA:21,1
DA:23,1
DA:26,1
DA:27,1
LF:7
LH:7
end_of_record
SF:lib/src/extensions/time/client.dart
DA:16,1
DA:32,1
DA:35,1
DA:36,1
DA:37,1
DA:38,1
DA:42,1
DA:44,0
DA:49,1
DA:53,2
DA:56,2
DA:57,2
DA:58,1
DA:63,3
DA:67,1
DA:71,2
DA:73,2
DA:74,2
DA:77,2
DA:78,2
DA:79,1
DA:84,2
DA:86,1
DA:87,2
DA:89,1
DA:91,2
DA:95,1
DA:97,2
DA:99,3
DA:100,1
DA:105,1
DA:106,2
DA:110,1
DA:111,2
LF:34
LH:33
end_of_record
SF:lib/src/stream_inserter.dart
DA:8,2
DA:9,4
DA:10,2
DA:14,0
DA:15,0
DA:16,0
DA:20,2
DA:21,2
DA:22,4
DA:23,6
LF:10
LH:7
end_of_record
SF:lib/src/stream_interceptor.dart
DA:22,2
DA:28,2
DA:35,3
DA:36,2
DA:37,1
DA:38,2
DA:42,1
DA:43,4
DA:44,2
DA:47,2
DA:52,4
DA:59,3
DA:60,6
DA:63,9
DA:64,2
DA:66,2
DA:68,2
DA:69,2
DA:75,2
DA:77,2
DA:78,2
DA:85,0
DA:86,0
DA:96,2
DA:97,2
DA:98,4
LF:26
LH:24
end_of_record
SF:lib/src/extensions/unstable.dart
DA:22,1
DA:27,2
DA:28,1
DA:29,1
LF:4
LH:4
end_of_record
SF:lib/src/id_generator.dart
DA:4,1
DA:5,2
LF:2
LH:2
end_of_record
SF:lib/src/core/server.dart
DA:7,1
DA:29,1
DA:30,2
DA:32,1
DA:33,3
DA:36,1
DA:37,2
DA:39,1
DA:43,4
DA:47,2
DA:48,1
DA:50,1
DA:51,1
DA:52,1
DA:53,1
DA:56,1
DA:57,2
DA:58,1
DA:61,1
DA:62,1
DA:63,2
LF:21
LH:21
end_of_record
SF:lib/src/events/server_in.dart
DA:8,1
DA:15,0
DA:17,0
DA:19,0
DA:20,0
DA:22,0
DA:24,0
DA:29,1
DA:42,0
DA:44,0
DA:45,0
DA:46,0
DA:47,0
DA:48,0
DA:50,0
DA:51,0
DA:53,0
DA:55,0
LF:18
LH:2
end_of_record
SF:lib/src/events/server_out.dart
DA:2,1
DA:16,1
DA:18,1
DA:19,3
DA:20,3
DA:21,3
DA:22,3
DA:23,3
DA:26,0
DA:27,0
DA:28,0
DA:30,0
DA:31,0
LF:13
LH:8
end_of_record
SF:lib/src/extensions/connect_disconnect/stream_split_buffer.dart
DA:5,0
DA:11,0
DA:12,0
DA:13,0
DA:16,0
DA:17,0
DA:18,0
DA:25,0
DA:32,0
DA:33,0
DA:35,0
DA:36,0
DA:38,0
DA:42,0
DA:43,0
DA:49,0
DA:50,0
DA:51,0
DA:52,0
DA:53,0
LF:20
LH:0
end_of_record
SF:lib/src/extensions/connect_disconnect/connection_events.dart
DA:4,0
DA:9,0
DA:10,0
DA:13,0
DA:15,0
DA:16,0
DA:19,0
DA:20,0
DA:21,0
LF:9
LH:0
end_of_record
SF:lib/src/extensions/event_serialiser/server.dart
DA:6,0
DA:8,0
DA:12,0
DA:14,0
DA:16,0
DA:17,0
DA:19,0
DA:25,0
DA:29,0
DA:31,0
DA:38,0
DA:40,0
DA:41,0
DA:43,0
DA:48,0
DA:49,0
DA:50,0
DA:51,0
DA:52,0
DA:53,0
DA:54,0
DA:55,0
LF:22
LH:0
end_of_record
SF:lib/src/extensions/init_data/server.dart
DA:5,0
DA:15,0
DA:16,0
DA:19,0
DA:20,0
DA:22,0
DA:23,0
DA:24,0
DA:26,0
DA:27,0
LF:10
LH:0
end_of_record
SF:lib/src/extensions/networking/server.dart
DA:10,0
DA:23,0
DA:46,0
DA:48,0
DA:49,0
DA:51,0
DA:54,0
DA:55,0
DA:56,0
DA:57,0
DA:62,0
DA:67,0
DA:68,0
DA:71,0
DA:72,0
DA:74,0
DA:75,0
DA:77,0
DA:78,0
DA:79,0
DA:80,0
DA:81,0
DA:83,0
DA:85,0
DA:90,0
DA:91,0
DA:96,0
DA:98,0
DA:99,0
DA:105,0
DA:106,0
DA:108,0
DA:109,0
DA:114,0
LF:34
LH:0
end_of_record
SF:lib/src/extensions/time/server.dart
DA:4,1
DA:20,1
DA:21,2
DA:25,1
DA:26,2
DA:28,2
DA:29,2
DA:30,1
DA:31,2
DA:33,4
DA:39,2
DA:40,2
DA:41,1
DA:42,2
DA:44,5
LF:15
LH:15
end_of_record
SF:lib/src/extensions/time/clock.dart
DA:6,0
DA:7,0
DA:10,0
LF:3
LH:0
end_of_record
